{"date":"Sun Oct 24 2021 12:41:15 GMT+0100 (West Africa Standard Time)","error":{},"exception":true,"level":"error","message":"uncaughtException: ⨯ Unable to compile TypeScript:\n\u001b[96msrc/api/user.ts\u001b[0m:\u001b[93m2\u001b[0m:\u001b[93m26\u001b[0m - \u001b[91merror\u001b[0m\u001b[90m TS2307: \u001b[0mCannot find module '../utils/AsyncHandler' or its corresponding type declarations.\n\n\u001b[7m2\u001b[0m import AsyncHandler from '../utils/AsyncHandler';\n\u001b[7m \u001b[0m \u001b[91m                         ~~~~~~~~~~~~~~~~~~~~~~~\u001b[0m\n\nError: ⨯ Unable to compile TypeScript:\n\u001b[96msrc/api/user.ts\u001b[0m:\u001b[93m2\u001b[0m:\u001b[93m26\u001b[0m - \u001b[91merror\u001b[0m\u001b[90m TS2307: \u001b[0mCannot find module '../utils/AsyncHandler' or its corresponding type declarations.\n\n\u001b[7m2\u001b[0m import AsyncHandler from '../utils/AsyncHandler';\n\u001b[7m \u001b[0m \u001b[91m                         ~~~~~~~~~~~~~~~~~~~~~~~\u001b[0m\n\n    at Object.<anonymous> (/Users/couragekolawoleosemwengie/Desktop/projects/borg-test/src/api/user.ts:1:7)\n    at Module._compile (node:internal/modules/cjs/loader:1095:14)\n    at Module._compile (/Users/couragekolawoleosemwengie/Desktop/projects/borg-test/node_modules/source-map-support/source-map-support.js:568:25)\n    at Module.m._compile (/private/var/folders/39/37c1w8f96rj3mfpvdnnr9kb80000gn/T/ts-node-dev-hook-672529812589306.js:69:33)\n    at Module._extensions..js (node:internal/modules/cjs/loader:1147:10)\n    at require.extensions.<computed> (/private/var/folders/39/37c1w8f96rj3mfpvdnnr9kb80000gn/T/ts-node-dev-hook-672529812589306.js:71:20)\n    at Object.nodeDevHook [as .ts] (/Users/couragekolawoleosemwengie/Desktop/projects/borg-test/node_modules/ts-node-dev/lib/hook.js:63:13)\n    at Module.load (node:internal/modules/cjs/loader:975:32)\n    at Function.Module._load (node:internal/modules/cjs/loader:822:12)\n    at Module.require (node:internal/modules/cjs/loader:999:19)","os":{"loadavg":[1.5341796875,3.06005859375,2.90673828125],"uptime":20282},"process":{"argv":["/opt/homebrew/Cellar/node/17.0.1/bin/node","./src/server.ts"],"cwd":"/Users/couragekolawoleosemwengie/Desktop/projects/borg-test","execPath":"/opt/homebrew/Cellar/node/17.0.1/bin/node","gid":20,"memoryUsage":{"arrayBuffers":83893,"external":962369,"heapTotal":20037632,"heapUsed":11299472,"rss":51560448},"pid":17071,"uid":501,"version":"v17.0.1"},"stack":"Error: ⨯ Unable to compile TypeScript:\n\u001b[96msrc/api/user.ts\u001b[0m:\u001b[93m2\u001b[0m:\u001b[93m26\u001b[0m - \u001b[91merror\u001b[0m\u001b[90m TS2307: \u001b[0mCannot find module '../utils/AsyncHandler' or its corresponding type declarations.\n\n\u001b[7m2\u001b[0m import AsyncHandler from '../utils/AsyncHandler';\n\u001b[7m \u001b[0m \u001b[91m                         ~~~~~~~~~~~~~~~~~~~~~~~\u001b[0m\n\n    at Object.<anonymous> (/Users/couragekolawoleosemwengie/Desktop/projects/borg-test/src/api/user.ts:1:7)\n    at Module._compile (node:internal/modules/cjs/loader:1095:14)\n    at Module._compile (/Users/couragekolawoleosemwengie/Desktop/projects/borg-test/node_modules/source-map-support/source-map-support.js:568:25)\n    at Module.m._compile (/private/var/folders/39/37c1w8f96rj3mfpvdnnr9kb80000gn/T/ts-node-dev-hook-672529812589306.js:69:33)\n    at Module._extensions..js (node:internal/modules/cjs/loader:1147:10)\n    at require.extensions.<computed> (/private/var/folders/39/37c1w8f96rj3mfpvdnnr9kb80000gn/T/ts-node-dev-hook-672529812589306.js:71:20)\n    at Object.nodeDevHook [as .ts] (/Users/couragekolawoleosemwengie/Desktop/projects/borg-test/node_modules/ts-node-dev/lib/hook.js:63:13)\n    at Module.load (node:internal/modules/cjs/loader:975:32)\n    at Function.Module._load (node:internal/modules/cjs/loader:822:12)\n    at Module.require (node:internal/modules/cjs/loader:999:19)","trace":[{"column":7,"file":"/Users/couragekolawoleosemwengie/Desktop/projects/borg-test/src/api/user.ts","function":null,"line":1,"method":null,"native":false},{"column":14,"file":"node:internal/modules/cjs/loader","function":"Module._compile","line":1095,"method":"_compile","native":false},{"column":25,"file":"/Users/couragekolawoleosemwengie/Desktop/projects/borg-test/node_modules/source-map-support/source-map-support.js","function":"Module._compile","line":568,"method":"_compile","native":false},{"column":33,"file":"/private/var/folders/39/37c1w8f96rj3mfpvdnnr9kb80000gn/T/ts-node-dev-hook-672529812589306.js","function":"Module.m._compile","line":69,"method":"_compile","native":false},{"column":10,"file":"node:internal/modules/cjs/loader","function":"Module._extensions..js","line":1147,"method":".js","native":false},{"column":20,"file":"/private/var/folders/39/37c1w8f96rj3mfpvdnnr9kb80000gn/T/ts-node-dev-hook-672529812589306.js","function":"require.extensions.<computed>","line":71,"method":"<computed>","native":false},{"column":13,"file":"/Users/couragekolawoleosemwengie/Desktop/projects/borg-test/node_modules/ts-node-dev/lib/hook.js","function":"Object.nodeDevHook [as .ts]","line":63,"method":"ts]","native":false},{"column":32,"file":"node:internal/modules/cjs/loader","function":"Module.load","line":975,"method":"load","native":false},{"column":12,"file":"node:internal/modules/cjs/loader","function":"Module._load","line":822,"method":"_load","native":false},{"column":19,"file":"node:internal/modules/cjs/loader","function":"Module.require","line":999,"method":"require","native":false}]}
{"date":"Sun Oct 24 2021 12:41:35 GMT+0100 (West Africa Standard Time)","error":{},"exception":true,"level":"error","message":"uncaughtException: ⨯ Unable to compile TypeScript:\n\u001b[96msrc/api/user.ts\u001b[0m:\u001b[93m2\u001b[0m:\u001b[93m26\u001b[0m - \u001b[91merror\u001b[0m\u001b[90m TS2307: \u001b[0mCannot find module '../utils/AsyncHandler' or its corresponding type declarations.\n\n\u001b[7m2\u001b[0m import AsyncHandler from '../utils/AsyncHandler';\n\u001b[7m \u001b[0m \u001b[91m                         ~~~~~~~~~~~~~~~~~~~~~~~\u001b[0m\n\nError: ⨯ Unable to compile TypeScript:\n\u001b[96msrc/api/user.ts\u001b[0m:\u001b[93m2\u001b[0m:\u001b[93m26\u001b[0m - \u001b[91merror\u001b[0m\u001b[90m TS2307: \u001b[0mCannot find module '../utils/AsyncHandler' or its corresponding type declarations.\n\n\u001b[7m2\u001b[0m import AsyncHandler from '../utils/AsyncHandler';\n\u001b[7m \u001b[0m \u001b[91m                         ~~~~~~~~~~~~~~~~~~~~~~~\u001b[0m\n\n    at Object.<anonymous> (/Users/couragekolawoleosemwengie/Desktop/projects/borg-test/src/api/user.ts:1:7)\n    at Module._compile (node:internal/modules/cjs/loader:1095:14)\n    at Module._compile (/Users/couragekolawoleosemwengie/Desktop/projects/borg-test/node_modules/source-map-support/source-map-support.js:568:25)\n    at Module.m._compile (/private/var/folders/39/37c1w8f96rj3mfpvdnnr9kb80000gn/T/ts-node-dev-hook-672529812589306.js:69:33)\n    at Module._extensions..js (node:internal/modules/cjs/loader:1147:10)\n    at require.extensions.<computed> (/private/var/folders/39/37c1w8f96rj3mfpvdnnr9kb80000gn/T/ts-node-dev-hook-672529812589306.js:71:20)\n    at Object.nodeDevHook [as .ts] (/Users/couragekolawoleosemwengie/Desktop/projects/borg-test/node_modules/ts-node-dev/lib/hook.js:63:13)\n    at Module.load (node:internal/modules/cjs/loader:975:32)\n    at Function.Module._load (node:internal/modules/cjs/loader:822:12)\n    at Module.require (node:internal/modules/cjs/loader:999:19)","os":{"loadavg":[1.443359375,2.94140625,2.86767578125],"uptime":20302},"process":{"argv":["/opt/homebrew/Cellar/node/17.0.1/bin/node","./src/server.ts"],"cwd":"/Users/couragekolawoleosemwengie/Desktop/projects/borg-test","execPath":"/opt/homebrew/Cellar/node/17.0.1/bin/node","gid":20,"memoryUsage":{"arrayBuffers":101392,"external":979868,"heapTotal":18726912,"heapUsed":11352616,"rss":47300608},"pid":17109,"uid":501,"version":"v17.0.1"},"stack":"Error: ⨯ Unable to compile TypeScript:\n\u001b[96msrc/api/user.ts\u001b[0m:\u001b[93m2\u001b[0m:\u001b[93m26\u001b[0m - \u001b[91merror\u001b[0m\u001b[90m TS2307: \u001b[0mCannot find module '../utils/AsyncHandler' or its corresponding type declarations.\n\n\u001b[7m2\u001b[0m import AsyncHandler from '../utils/AsyncHandler';\n\u001b[7m \u001b[0m \u001b[91m                         ~~~~~~~~~~~~~~~~~~~~~~~\u001b[0m\n\n    at Object.<anonymous> (/Users/couragekolawoleosemwengie/Desktop/projects/borg-test/src/api/user.ts:1:7)\n    at Module._compile (node:internal/modules/cjs/loader:1095:14)\n    at Module._compile (/Users/couragekolawoleosemwengie/Desktop/projects/borg-test/node_modules/source-map-support/source-map-support.js:568:25)\n    at Module.m._compile (/private/var/folders/39/37c1w8f96rj3mfpvdnnr9kb80000gn/T/ts-node-dev-hook-672529812589306.js:69:33)\n    at Module._extensions..js (node:internal/modules/cjs/loader:1147:10)\n    at require.extensions.<computed> (/private/var/folders/39/37c1w8f96rj3mfpvdnnr9kb80000gn/T/ts-node-dev-hook-672529812589306.js:71:20)\n    at Object.nodeDevHook [as .ts] (/Users/couragekolawoleosemwengie/Desktop/projects/borg-test/node_modules/ts-node-dev/lib/hook.js:63:13)\n    at Module.load (node:internal/modules/cjs/loader:975:32)\n    at Function.Module._load (node:internal/modules/cjs/loader:822:12)\n    at Module.require (node:internal/modules/cjs/loader:999:19)","trace":[{"column":7,"file":"/Users/couragekolawoleosemwengie/Desktop/projects/borg-test/src/api/user.ts","function":null,"line":1,"method":null,"native":false},{"column":14,"file":"node:internal/modules/cjs/loader","function":"Module._compile","line":1095,"method":"_compile","native":false},{"column":25,"file":"/Users/couragekolawoleosemwengie/Desktop/projects/borg-test/node_modules/source-map-support/source-map-support.js","function":"Module._compile","line":568,"method":"_compile","native":false},{"column":33,"file":"/private/var/folders/39/37c1w8f96rj3mfpvdnnr9kb80000gn/T/ts-node-dev-hook-672529812589306.js","function":"Module.m._compile","line":69,"method":"_compile","native":false},{"column":10,"file":"node:internal/modules/cjs/loader","function":"Module._extensions..js","line":1147,"method":".js","native":false},{"column":20,"file":"/private/var/folders/39/37c1w8f96rj3mfpvdnnr9kb80000gn/T/ts-node-dev-hook-672529812589306.js","function":"require.extensions.<computed>","line":71,"method":"<computed>","native":false},{"column":13,"file":"/Users/couragekolawoleosemwengie/Desktop/projects/borg-test/node_modules/ts-node-dev/lib/hook.js","function":"Object.nodeDevHook [as .ts]","line":63,"method":"ts]","native":false},{"column":32,"file":"node:internal/modules/cjs/loader","function":"Module.load","line":975,"method":"load","native":false},{"column":12,"file":"node:internal/modules/cjs/loader","function":"Module._load","line":822,"method":"_load","native":false},{"column":19,"file":"node:internal/modules/cjs/loader","function":"Module.require","line":999,"method":"require","native":false}]}
{"date":"Sun Oct 24 2021 12:41:37 GMT+0100 (West Africa Standard Time)","error":{},"exception":true,"level":"error","message":"uncaughtException: ⨯ Unable to compile TypeScript:\n\u001b[96msrc/api/user.ts\u001b[0m:\u001b[93m2\u001b[0m:\u001b[93m26\u001b[0m - \u001b[91merror\u001b[0m\u001b[90m TS2307: \u001b[0mCannot find module '../utils/AsyncHandler' or its corresponding type declarations.\n\n\u001b[7m2\u001b[0m import AsyncHandler from '../utils/AsyncHandler';\n\u001b[7m \u001b[0m \u001b[91m                         ~~~~~~~~~~~~~~~~~~~~~~~\u001b[0m\n\nError: ⨯ Unable to compile TypeScript:\n\u001b[96msrc/api/user.ts\u001b[0m:\u001b[93m2\u001b[0m:\u001b[93m26\u001b[0m - \u001b[91merror\u001b[0m\u001b[90m TS2307: \u001b[0mCannot find module '../utils/AsyncHandler' or its corresponding type declarations.\n\n\u001b[7m2\u001b[0m import AsyncHandler from '../utils/AsyncHandler';\n\u001b[7m \u001b[0m \u001b[91m                         ~~~~~~~~~~~~~~~~~~~~~~~\u001b[0m\n\n    at Object.<anonymous> (/Users/couragekolawoleosemwengie/Desktop/projects/borg-test/src/api/user.ts:1:7)\n    at Module._compile (node:internal/modules/cjs/loader:1095:14)\n    at Module._compile (/Users/couragekolawoleosemwengie/Desktop/projects/borg-test/node_modules/source-map-support/source-map-support.js:568:25)\n    at Module.m._compile (/private/var/folders/39/37c1w8f96rj3mfpvdnnr9kb80000gn/T/ts-node-dev-hook-672529812589306.js:69:33)\n    at Module._extensions..js (node:internal/modules/cjs/loader:1147:10)\n    at require.extensions.<computed> (/private/var/folders/39/37c1w8f96rj3mfpvdnnr9kb80000gn/T/ts-node-dev-hook-672529812589306.js:71:20)\n    at Object.nodeDevHook [as .ts] (/Users/couragekolawoleosemwengie/Desktop/projects/borg-test/node_modules/ts-node-dev/lib/hook.js:63:13)\n    at Module.load (node:internal/modules/cjs/loader:975:32)\n    at Function.Module._load (node:internal/modules/cjs/loader:822:12)\n    at Module.require (node:internal/modules/cjs/loader:999:19)","os":{"loadavg":[1.443359375,2.94140625,2.86767578125],"uptime":20304},"process":{"argv":["/opt/homebrew/Cellar/node/17.0.1/bin/node","./src/server.ts"],"cwd":"/Users/couragekolawoleosemwengie/Desktop/projects/borg-test","execPath":"/opt/homebrew/Cellar/node/17.0.1/bin/node","gid":20,"memoryUsage":{"arrayBuffers":92691,"external":971167,"heapTotal":19251200,"heapUsed":11259808,"rss":48873472},"pid":17119,"uid":501,"version":"v17.0.1"},"stack":"Error: ⨯ Unable to compile TypeScript:\n\u001b[96msrc/api/user.ts\u001b[0m:\u001b[93m2\u001b[0m:\u001b[93m26\u001b[0m - \u001b[91merror\u001b[0m\u001b[90m TS2307: \u001b[0mCannot find module '../utils/AsyncHandler' or its corresponding type declarations.\n\n\u001b[7m2\u001b[0m import AsyncHandler from '../utils/AsyncHandler';\n\u001b[7m \u001b[0m \u001b[91m                         ~~~~~~~~~~~~~~~~~~~~~~~\u001b[0m\n\n    at Object.<anonymous> (/Users/couragekolawoleosemwengie/Desktop/projects/borg-test/src/api/user.ts:1:7)\n    at Module._compile (node:internal/modules/cjs/loader:1095:14)\n    at Module._compile (/Users/couragekolawoleosemwengie/Desktop/projects/borg-test/node_modules/source-map-support/source-map-support.js:568:25)\n    at Module.m._compile (/private/var/folders/39/37c1w8f96rj3mfpvdnnr9kb80000gn/T/ts-node-dev-hook-672529812589306.js:69:33)\n    at Module._extensions..js (node:internal/modules/cjs/loader:1147:10)\n    at require.extensions.<computed> (/private/var/folders/39/37c1w8f96rj3mfpvdnnr9kb80000gn/T/ts-node-dev-hook-672529812589306.js:71:20)\n    at Object.nodeDevHook [as .ts] (/Users/couragekolawoleosemwengie/Desktop/projects/borg-test/node_modules/ts-node-dev/lib/hook.js:63:13)\n    at Module.load (node:internal/modules/cjs/loader:975:32)\n    at Function.Module._load (node:internal/modules/cjs/loader:822:12)\n    at Module.require (node:internal/modules/cjs/loader:999:19)","trace":[{"column":7,"file":"/Users/couragekolawoleosemwengie/Desktop/projects/borg-test/src/api/user.ts","function":null,"line":1,"method":null,"native":false},{"column":14,"file":"node:internal/modules/cjs/loader","function":"Module._compile","line":1095,"method":"_compile","native":false},{"column":25,"file":"/Users/couragekolawoleosemwengie/Desktop/projects/borg-test/node_modules/source-map-support/source-map-support.js","function":"Module._compile","line":568,"method":"_compile","native":false},{"column":33,"file":"/private/var/folders/39/37c1w8f96rj3mfpvdnnr9kb80000gn/T/ts-node-dev-hook-672529812589306.js","function":"Module.m._compile","line":69,"method":"_compile","native":false},{"column":10,"file":"node:internal/modules/cjs/loader","function":"Module._extensions..js","line":1147,"method":".js","native":false},{"column":20,"file":"/private/var/folders/39/37c1w8f96rj3mfpvdnnr9kb80000gn/T/ts-node-dev-hook-672529812589306.js","function":"require.extensions.<computed>","line":71,"method":"<computed>","native":false},{"column":13,"file":"/Users/couragekolawoleosemwengie/Desktop/projects/borg-test/node_modules/ts-node-dev/lib/hook.js","function":"Object.nodeDevHook [as .ts]","line":63,"method":"ts]","native":false},{"column":32,"file":"node:internal/modules/cjs/loader","function":"Module.load","line":975,"method":"load","native":false},{"column":12,"file":"node:internal/modules/cjs/loader","function":"Module._load","line":822,"method":"_load","native":false},{"column":19,"file":"node:internal/modules/cjs/loader","function":"Module.require","line":999,"method":"require","native":false}]}
{"date":"Sun Oct 24 2021 12:41:57 GMT+0100 (West Africa Standard Time)","error":{},"exception":true,"level":"error","message":"uncaughtException: ⨯ Unable to compile TypeScript:\n\u001b[96msrc/api/user.ts\u001b[0m:\u001b[93m2\u001b[0m:\u001b[93m26\u001b[0m - \u001b[91merror\u001b[0m\u001b[90m TS2307: \u001b[0mCannot find module '../utils/AsyncHandler' or its corresponding type declarations.\n\n\u001b[7m2\u001b[0m import AsyncHandler from '../utils/AsyncHandler';\n\u001b[7m \u001b[0m \u001b[91m                         ~~~~~~~~~~~~~~~~~~~~~~~\u001b[0m\n\nError: ⨯ Unable to compile TypeScript:\n\u001b[96msrc/api/user.ts\u001b[0m:\u001b[93m2\u001b[0m:\u001b[93m26\u001b[0m - \u001b[91merror\u001b[0m\u001b[90m TS2307: \u001b[0mCannot find module '../utils/AsyncHandler' or its corresponding type declarations.\n\n\u001b[7m2\u001b[0m import AsyncHandler from '../utils/AsyncHandler';\n\u001b[7m \u001b[0m \u001b[91m                         ~~~~~~~~~~~~~~~~~~~~~~~\u001b[0m\n\n    at Object.<anonymous> (/Users/couragekolawoleosemwengie/Desktop/projects/borg-test/src/api/user.ts:1:7)\n    at Module._compile (node:internal/modules/cjs/loader:1095:14)\n    at Module._compile (/Users/couragekolawoleosemwengie/Desktop/projects/borg-test/node_modules/source-map-support/source-map-support.js:568:25)\n    at Module.m._compile (/private/var/folders/39/37c1w8f96rj3mfpvdnnr9kb80000gn/T/ts-node-dev-hook-672529812589306.js:69:33)\n    at Module._extensions..js (node:internal/modules/cjs/loader:1147:10)\n    at require.extensions.<computed> (/private/var/folders/39/37c1w8f96rj3mfpvdnnr9kb80000gn/T/ts-node-dev-hook-672529812589306.js:71:20)\n    at Object.nodeDevHook [as .ts] (/Users/couragekolawoleosemwengie/Desktop/projects/borg-test/node_modules/ts-node-dev/lib/hook.js:63:13)\n    at Module.load (node:internal/modules/cjs/loader:975:32)\n    at Function.Module._load (node:internal/modules/cjs/loader:822:12)\n    at Module.require (node:internal/modules/cjs/loader:999:19)","os":{"loadavg":[1.46435546875,2.84716796875,2.83447265625],"uptime":20324},"process":{"argv":["/opt/homebrew/Cellar/node/17.0.1/bin/node","./src/server.ts"],"cwd":"/Users/couragekolawoleosemwengie/Desktop/projects/borg-test","execPath":"/opt/homebrew/Cellar/node/17.0.1/bin/node","gid":20,"memoryUsage":{"arrayBuffers":92691,"external":971167,"heapTotal":18989056,"heapUsed":11290880,"rss":48463872},"pid":17140,"uid":501,"version":"v17.0.1"},"stack":"Error: ⨯ Unable to compile TypeScript:\n\u001b[96msrc/api/user.ts\u001b[0m:\u001b[93m2\u001b[0m:\u001b[93m26\u001b[0m - \u001b[91merror\u001b[0m\u001b[90m TS2307: \u001b[0mCannot find module '../utils/AsyncHandler' or its corresponding type declarations.\n\n\u001b[7m2\u001b[0m import AsyncHandler from '../utils/AsyncHandler';\n\u001b[7m \u001b[0m \u001b[91m                         ~~~~~~~~~~~~~~~~~~~~~~~\u001b[0m\n\n    at Object.<anonymous> (/Users/couragekolawoleosemwengie/Desktop/projects/borg-test/src/api/user.ts:1:7)\n    at Module._compile (node:internal/modules/cjs/loader:1095:14)\n    at Module._compile (/Users/couragekolawoleosemwengie/Desktop/projects/borg-test/node_modules/source-map-support/source-map-support.js:568:25)\n    at Module.m._compile (/private/var/folders/39/37c1w8f96rj3mfpvdnnr9kb80000gn/T/ts-node-dev-hook-672529812589306.js:69:33)\n    at Module._extensions..js (node:internal/modules/cjs/loader:1147:10)\n    at require.extensions.<computed> (/private/var/folders/39/37c1w8f96rj3mfpvdnnr9kb80000gn/T/ts-node-dev-hook-672529812589306.js:71:20)\n    at Object.nodeDevHook [as .ts] (/Users/couragekolawoleosemwengie/Desktop/projects/borg-test/node_modules/ts-node-dev/lib/hook.js:63:13)\n    at Module.load (node:internal/modules/cjs/loader:975:32)\n    at Function.Module._load (node:internal/modules/cjs/loader:822:12)\n    at Module.require (node:internal/modules/cjs/loader:999:19)","trace":[{"column":7,"file":"/Users/couragekolawoleosemwengie/Desktop/projects/borg-test/src/api/user.ts","function":null,"line":1,"method":null,"native":false},{"column":14,"file":"node:internal/modules/cjs/loader","function":"Module._compile","line":1095,"method":"_compile","native":false},{"column":25,"file":"/Users/couragekolawoleosemwengie/Desktop/projects/borg-test/node_modules/source-map-support/source-map-support.js","function":"Module._compile","line":568,"method":"_compile","native":false},{"column":33,"file":"/private/var/folders/39/37c1w8f96rj3mfpvdnnr9kb80000gn/T/ts-node-dev-hook-672529812589306.js","function":"Module.m._compile","line":69,"method":"_compile","native":false},{"column":10,"file":"node:internal/modules/cjs/loader","function":"Module._extensions..js","line":1147,"method":".js","native":false},{"column":20,"file":"/private/var/folders/39/37c1w8f96rj3mfpvdnnr9kb80000gn/T/ts-node-dev-hook-672529812589306.js","function":"require.extensions.<computed>","line":71,"method":"<computed>","native":false},{"column":13,"file":"/Users/couragekolawoleosemwengie/Desktop/projects/borg-test/node_modules/ts-node-dev/lib/hook.js","function":"Object.nodeDevHook [as .ts]","line":63,"method":"ts]","native":false},{"column":32,"file":"node:internal/modules/cjs/loader","function":"Module.load","line":975,"method":"load","native":false},{"column":12,"file":"node:internal/modules/cjs/loader","function":"Module._load","line":822,"method":"_load","native":false},{"column":19,"file":"node:internal/modules/cjs/loader","function":"Module.require","line":999,"method":"require","native":false}]}
{"date":"Sun Oct 24 2021 12:42:00 GMT+0100 (West Africa Standard Time)","error":{},"exception":true,"level":"error","message":"uncaughtException: ⨯ Unable to compile TypeScript:\n\u001b[96msrc/api/user.ts\u001b[0m:\u001b[93m2\u001b[0m:\u001b[93m26\u001b[0m - \u001b[91merror\u001b[0m\u001b[90m TS2307: \u001b[0mCannot find module '../utils/AsyncHandler' or its corresponding type declarations.\n\n\u001b[7m2\u001b[0m import AsyncHandler from '../utils/AsyncHandler';\n\u001b[7m \u001b[0m \u001b[91m                         ~~~~~~~~~~~~~~~~~~~~~~~\u001b[0m\n\nError: ⨯ Unable to compile TypeScript:\n\u001b[96msrc/api/user.ts\u001b[0m:\u001b[93m2\u001b[0m:\u001b[93m26\u001b[0m - \u001b[91merror\u001b[0m\u001b[90m TS2307: \u001b[0mCannot find module '../utils/AsyncHandler' or its corresponding type declarations.\n\n\u001b[7m2\u001b[0m import AsyncHandler from '../utils/AsyncHandler';\n\u001b[7m \u001b[0m \u001b[91m                         ~~~~~~~~~~~~~~~~~~~~~~~\u001b[0m\n\n    at Object.<anonymous> (/Users/couragekolawoleosemwengie/Desktop/projects/borg-test/src/api/user.ts:1:7)\n    at Module._compile (node:internal/modules/cjs/loader:1095:14)\n    at Module._compile (/Users/couragekolawoleosemwengie/Desktop/projects/borg-test/node_modules/source-map-support/source-map-support.js:568:25)\n    at Module.m._compile (/private/var/folders/39/37c1w8f96rj3mfpvdnnr9kb80000gn/T/ts-node-dev-hook-672529812589306.js:69:33)\n    at Module._extensions..js (node:internal/modules/cjs/loader:1147:10)\n    at require.extensions.<computed> (/private/var/folders/39/37c1w8f96rj3mfpvdnnr9kb80000gn/T/ts-node-dev-hook-672529812589306.js:71:20)\n    at Object.nodeDevHook [as .ts] (/Users/couragekolawoleosemwengie/Desktop/projects/borg-test/node_modules/ts-node-dev/lib/hook.js:63:13)\n    at Module.load (node:internal/modules/cjs/loader:975:32)\n    at Function.Module._load (node:internal/modules/cjs/loader:822:12)\n    at Module.require (node:internal/modules/cjs/loader:999:19)","os":{"loadavg":[1.5068359375,2.8330078125,2.8291015625],"uptime":20327},"process":{"argv":["/opt/homebrew/Cellar/node/17.0.1/bin/node","./src/server.ts"],"cwd":"/Users/couragekolawoleosemwengie/Desktop/projects/borg-test","execPath":"/opt/homebrew/Cellar/node/17.0.1/bin/node","gid":20,"memoryUsage":{"arrayBuffers":92691,"external":971167,"heapTotal":18989056,"heapUsed":11425592,"rss":48660480},"pid":17150,"uid":501,"version":"v17.0.1"},"stack":"Error: ⨯ Unable to compile TypeScript:\n\u001b[96msrc/api/user.ts\u001b[0m:\u001b[93m2\u001b[0m:\u001b[93m26\u001b[0m - \u001b[91merror\u001b[0m\u001b[90m TS2307: \u001b[0mCannot find module '../utils/AsyncHandler' or its corresponding type declarations.\n\n\u001b[7m2\u001b[0m import AsyncHandler from '../utils/AsyncHandler';\n\u001b[7m \u001b[0m \u001b[91m                         ~~~~~~~~~~~~~~~~~~~~~~~\u001b[0m\n\n    at Object.<anonymous> (/Users/couragekolawoleosemwengie/Desktop/projects/borg-test/src/api/user.ts:1:7)\n    at Module._compile (node:internal/modules/cjs/loader:1095:14)\n    at Module._compile (/Users/couragekolawoleosemwengie/Desktop/projects/borg-test/node_modules/source-map-support/source-map-support.js:568:25)\n    at Module.m._compile (/private/var/folders/39/37c1w8f96rj3mfpvdnnr9kb80000gn/T/ts-node-dev-hook-672529812589306.js:69:33)\n    at Module._extensions..js (node:internal/modules/cjs/loader:1147:10)\n    at require.extensions.<computed> (/private/var/folders/39/37c1w8f96rj3mfpvdnnr9kb80000gn/T/ts-node-dev-hook-672529812589306.js:71:20)\n    at Object.nodeDevHook [as .ts] (/Users/couragekolawoleosemwengie/Desktop/projects/borg-test/node_modules/ts-node-dev/lib/hook.js:63:13)\n    at Module.load (node:internal/modules/cjs/loader:975:32)\n    at Function.Module._load (node:internal/modules/cjs/loader:822:12)\n    at Module.require (node:internal/modules/cjs/loader:999:19)","trace":[{"column":7,"file":"/Users/couragekolawoleosemwengie/Desktop/projects/borg-test/src/api/user.ts","function":null,"line":1,"method":null,"native":false},{"column":14,"file":"node:internal/modules/cjs/loader","function":"Module._compile","line":1095,"method":"_compile","native":false},{"column":25,"file":"/Users/couragekolawoleosemwengie/Desktop/projects/borg-test/node_modules/source-map-support/source-map-support.js","function":"Module._compile","line":568,"method":"_compile","native":false},{"column":33,"file":"/private/var/folders/39/37c1w8f96rj3mfpvdnnr9kb80000gn/T/ts-node-dev-hook-672529812589306.js","function":"Module.m._compile","line":69,"method":"_compile","native":false},{"column":10,"file":"node:internal/modules/cjs/loader","function":"Module._extensions..js","line":1147,"method":".js","native":false},{"column":20,"file":"/private/var/folders/39/37c1w8f96rj3mfpvdnnr9kb80000gn/T/ts-node-dev-hook-672529812589306.js","function":"require.extensions.<computed>","line":71,"method":"<computed>","native":false},{"column":13,"file":"/Users/couragekolawoleosemwengie/Desktop/projects/borg-test/node_modules/ts-node-dev/lib/hook.js","function":"Object.nodeDevHook [as .ts]","line":63,"method":"ts]","native":false},{"column":32,"file":"node:internal/modules/cjs/loader","function":"Module.load","line":975,"method":"load","native":false},{"column":12,"file":"node:internal/modules/cjs/loader","function":"Module._load","line":822,"method":"_load","native":false},{"column":19,"file":"node:internal/modules/cjs/loader","function":"Module.require","line":999,"method":"require","native":false}]}
{"date":"Sun Oct 24 2021 12:42:01 GMT+0100 (West Africa Standard Time)","error":{},"exception":true,"level":"error","message":"uncaughtException: ⨯ Unable to compile TypeScript:\n\u001b[96msrc/api/user.ts\u001b[0m:\u001b[93m2\u001b[0m:\u001b[93m26\u001b[0m - \u001b[91merror\u001b[0m\u001b[90m TS2307: \u001b[0mCannot find module '../utils/AsyncHandler' or its corresponding type declarations.\n\n\u001b[7m2\u001b[0m import AsyncHandler from '../utils/AsyncHandler';\n\u001b[7m \u001b[0m \u001b[91m                         ~~~~~~~~~~~~~~~~~~~~~~~\u001b[0m\n\nError: ⨯ Unable to compile TypeScript:\n\u001b[96msrc/api/user.ts\u001b[0m:\u001b[93m2\u001b[0m:\u001b[93m26\u001b[0m - \u001b[91merror\u001b[0m\u001b[90m TS2307: \u001b[0mCannot find module '../utils/AsyncHandler' or its corresponding type declarations.\n\n\u001b[7m2\u001b[0m import AsyncHandler from '../utils/AsyncHandler';\n\u001b[7m \u001b[0m \u001b[91m                         ~~~~~~~~~~~~~~~~~~~~~~~\u001b[0m\n\n    at Object.<anonymous> (/Users/couragekolawoleosemwengie/Desktop/projects/borg-test/src/api/user.ts:1:7)\n    at Module._compile (node:internal/modules/cjs/loader:1095:14)\n    at Module._compile (/Users/couragekolawoleosemwengie/Desktop/projects/borg-test/node_modules/source-map-support/source-map-support.js:568:25)\n    at Module.m._compile (/private/var/folders/39/37c1w8f96rj3mfpvdnnr9kb80000gn/T/ts-node-dev-hook-672529812589306.js:69:33)\n    at Module._extensions..js (node:internal/modules/cjs/loader:1147:10)\n    at require.extensions.<computed> (/private/var/folders/39/37c1w8f96rj3mfpvdnnr9kb80000gn/T/ts-node-dev-hook-672529812589306.js:71:20)\n    at Object.nodeDevHook [as .ts] (/Users/couragekolawoleosemwengie/Desktop/projects/borg-test/node_modules/ts-node-dev/lib/hook.js:63:13)\n    at Module.load (node:internal/modules/cjs/loader:975:32)\n    at Function.Module._load (node:internal/modules/cjs/loader:822:12)\n    at Module.require (node:internal/modules/cjs/loader:999:19)","os":{"loadavg":[1.5068359375,2.8330078125,2.8291015625],"uptime":20328},"process":{"argv":["/opt/homebrew/Cellar/node/17.0.1/bin/node","./src/server.ts"],"cwd":"/Users/couragekolawoleosemwengie/Desktop/projects/borg-test","execPath":"/opt/homebrew/Cellar/node/17.0.1/bin/node","gid":20,"memoryUsage":{"arrayBuffers":443571,"external":1322047,"heapTotal":18661376,"heapUsed":12780864,"rss":47644672},"pid":17151,"uid":501,"version":"v17.0.1"},"stack":"Error: ⨯ Unable to compile TypeScript:\n\u001b[96msrc/api/user.ts\u001b[0m:\u001b[93m2\u001b[0m:\u001b[93m26\u001b[0m - \u001b[91merror\u001b[0m\u001b[90m TS2307: \u001b[0mCannot find module '../utils/AsyncHandler' or its corresponding type declarations.\n\n\u001b[7m2\u001b[0m import AsyncHandler from '../utils/AsyncHandler';\n\u001b[7m \u001b[0m \u001b[91m                         ~~~~~~~~~~~~~~~~~~~~~~~\u001b[0m\n\n    at Object.<anonymous> (/Users/couragekolawoleosemwengie/Desktop/projects/borg-test/src/api/user.ts:1:7)\n    at Module._compile (node:internal/modules/cjs/loader:1095:14)\n    at Module._compile (/Users/couragekolawoleosemwengie/Desktop/projects/borg-test/node_modules/source-map-support/source-map-support.js:568:25)\n    at Module.m._compile (/private/var/folders/39/37c1w8f96rj3mfpvdnnr9kb80000gn/T/ts-node-dev-hook-672529812589306.js:69:33)\n    at Module._extensions..js (node:internal/modules/cjs/loader:1147:10)\n    at require.extensions.<computed> (/private/var/folders/39/37c1w8f96rj3mfpvdnnr9kb80000gn/T/ts-node-dev-hook-672529812589306.js:71:20)\n    at Object.nodeDevHook [as .ts] (/Users/couragekolawoleosemwengie/Desktop/projects/borg-test/node_modules/ts-node-dev/lib/hook.js:63:13)\n    at Module.load (node:internal/modules/cjs/loader:975:32)\n    at Function.Module._load (node:internal/modules/cjs/loader:822:12)\n    at Module.require (node:internal/modules/cjs/loader:999:19)","trace":[{"column":7,"file":"/Users/couragekolawoleosemwengie/Desktop/projects/borg-test/src/api/user.ts","function":null,"line":1,"method":null,"native":false},{"column":14,"file":"node:internal/modules/cjs/loader","function":"Module._compile","line":1095,"method":"_compile","native":false},{"column":25,"file":"/Users/couragekolawoleosemwengie/Desktop/projects/borg-test/node_modules/source-map-support/source-map-support.js","function":"Module._compile","line":568,"method":"_compile","native":false},{"column":33,"file":"/private/var/folders/39/37c1w8f96rj3mfpvdnnr9kb80000gn/T/ts-node-dev-hook-672529812589306.js","function":"Module.m._compile","line":69,"method":"_compile","native":false},{"column":10,"file":"node:internal/modules/cjs/loader","function":"Module._extensions..js","line":1147,"method":".js","native":false},{"column":20,"file":"/private/var/folders/39/37c1w8f96rj3mfpvdnnr9kb80000gn/T/ts-node-dev-hook-672529812589306.js","function":"require.extensions.<computed>","line":71,"method":"<computed>","native":false},{"column":13,"file":"/Users/couragekolawoleosemwengie/Desktop/projects/borg-test/node_modules/ts-node-dev/lib/hook.js","function":"Object.nodeDevHook [as .ts]","line":63,"method":"ts]","native":false},{"column":32,"file":"node:internal/modules/cjs/loader","function":"Module.load","line":975,"method":"load","native":false},{"column":12,"file":"node:internal/modules/cjs/loader","function":"Module._load","line":822,"method":"_load","native":false},{"column":19,"file":"node:internal/modules/cjs/loader","function":"Module.require","line":999,"method":"require","native":false}]}
{"date":"Sun Oct 24 2021 12:42:02 GMT+0100 (West Africa Standard Time)","error":{},"exception":true,"level":"error","message":"uncaughtException: ⨯ Unable to compile TypeScript:\n\u001b[96msrc/api/user.ts\u001b[0m:\u001b[93m2\u001b[0m:\u001b[93m26\u001b[0m - \u001b[91merror\u001b[0m\u001b[90m TS2307: \u001b[0mCannot find module '../utils/AsyncHandler' or its corresponding type declarations.\n\n\u001b[7m2\u001b[0m import AsyncHandler from '../utils/AsyncHandler';\n\u001b[7m \u001b[0m \u001b[91m                         ~~~~~~~~~~~~~~~~~~~~~~~\u001b[0m\n\nError: ⨯ Unable to compile TypeScript:\n\u001b[96msrc/api/user.ts\u001b[0m:\u001b[93m2\u001b[0m:\u001b[93m26\u001b[0m - \u001b[91merror\u001b[0m\u001b[90m TS2307: \u001b[0mCannot find module '../utils/AsyncHandler' or its corresponding type declarations.\n\n\u001b[7m2\u001b[0m import AsyncHandler from '../utils/AsyncHandler';\n\u001b[7m \u001b[0m \u001b[91m                         ~~~~~~~~~~~~~~~~~~~~~~~\u001b[0m\n\n    at Object.<anonymous> (/Users/couragekolawoleosemwengie/Desktop/projects/borg-test/src/api/user.ts:1:7)\n    at Module._compile (node:internal/modules/cjs/loader:1095:14)\n    at Module._compile (/Users/couragekolawoleosemwengie/Desktop/projects/borg-test/node_modules/source-map-support/source-map-support.js:568:25)\n    at Module.m._compile (/private/var/folders/39/37c1w8f96rj3mfpvdnnr9kb80000gn/T/ts-node-dev-hook-672529812589306.js:69:33)\n    at Module._extensions..js (node:internal/modules/cjs/loader:1147:10)\n    at require.extensions.<computed> (/private/var/folders/39/37c1w8f96rj3mfpvdnnr9kb80000gn/T/ts-node-dev-hook-672529812589306.js:71:20)\n    at Object.nodeDevHook [as .ts] (/Users/couragekolawoleosemwengie/Desktop/projects/borg-test/node_modules/ts-node-dev/lib/hook.js:63:13)\n    at Module.load (node:internal/modules/cjs/loader:975:32)\n    at Function.Module._load (node:internal/modules/cjs/loader:822:12)\n    at Module.require (node:internal/modules/cjs/loader:999:19)","os":{"loadavg":[1.5068359375,2.8330078125,2.8291015625],"uptime":20329},"process":{"argv":["/opt/homebrew/Cellar/node/17.0.1/bin/node","./src/server.ts"],"cwd":"/Users/couragekolawoleosemwengie/Desktop/projects/borg-test","execPath":"/opt/homebrew/Cellar/node/17.0.1/bin/node","gid":20,"memoryUsage":{"arrayBuffers":84499,"external":962975,"heapTotal":18989056,"heapUsed":11162024,"rss":48922624},"pid":17152,"uid":501,"version":"v17.0.1"},"stack":"Error: ⨯ Unable to compile TypeScript:\n\u001b[96msrc/api/user.ts\u001b[0m:\u001b[93m2\u001b[0m:\u001b[93m26\u001b[0m - \u001b[91merror\u001b[0m\u001b[90m TS2307: \u001b[0mCannot find module '../utils/AsyncHandler' or its corresponding type declarations.\n\n\u001b[7m2\u001b[0m import AsyncHandler from '../utils/AsyncHandler';\n\u001b[7m \u001b[0m \u001b[91m                         ~~~~~~~~~~~~~~~~~~~~~~~\u001b[0m\n\n    at Object.<anonymous> (/Users/couragekolawoleosemwengie/Desktop/projects/borg-test/src/api/user.ts:1:7)\n    at Module._compile (node:internal/modules/cjs/loader:1095:14)\n    at Module._compile (/Users/couragekolawoleosemwengie/Desktop/projects/borg-test/node_modules/source-map-support/source-map-support.js:568:25)\n    at Module.m._compile (/private/var/folders/39/37c1w8f96rj3mfpvdnnr9kb80000gn/T/ts-node-dev-hook-672529812589306.js:69:33)\n    at Module._extensions..js (node:internal/modules/cjs/loader:1147:10)\n    at require.extensions.<computed> (/private/var/folders/39/37c1w8f96rj3mfpvdnnr9kb80000gn/T/ts-node-dev-hook-672529812589306.js:71:20)\n    at Object.nodeDevHook [as .ts] (/Users/couragekolawoleosemwengie/Desktop/projects/borg-test/node_modules/ts-node-dev/lib/hook.js:63:13)\n    at Module.load (node:internal/modules/cjs/loader:975:32)\n    at Function.Module._load (node:internal/modules/cjs/loader:822:12)\n    at Module.require (node:internal/modules/cjs/loader:999:19)","trace":[{"column":7,"file":"/Users/couragekolawoleosemwengie/Desktop/projects/borg-test/src/api/user.ts","function":null,"line":1,"method":null,"native":false},{"column":14,"file":"node:internal/modules/cjs/loader","function":"Module._compile","line":1095,"method":"_compile","native":false},{"column":25,"file":"/Users/couragekolawoleosemwengie/Desktop/projects/borg-test/node_modules/source-map-support/source-map-support.js","function":"Module._compile","line":568,"method":"_compile","native":false},{"column":33,"file":"/private/var/folders/39/37c1w8f96rj3mfpvdnnr9kb80000gn/T/ts-node-dev-hook-672529812589306.js","function":"Module.m._compile","line":69,"method":"_compile","native":false},{"column":10,"file":"node:internal/modules/cjs/loader","function":"Module._extensions..js","line":1147,"method":".js","native":false},{"column":20,"file":"/private/var/folders/39/37c1w8f96rj3mfpvdnnr9kb80000gn/T/ts-node-dev-hook-672529812589306.js","function":"require.extensions.<computed>","line":71,"method":"<computed>","native":false},{"column":13,"file":"/Users/couragekolawoleosemwengie/Desktop/projects/borg-test/node_modules/ts-node-dev/lib/hook.js","function":"Object.nodeDevHook [as .ts]","line":63,"method":"ts]","native":false},{"column":32,"file":"node:internal/modules/cjs/loader","function":"Module.load","line":975,"method":"load","native":false},{"column":12,"file":"node:internal/modules/cjs/loader","function":"Module._load","line":822,"method":"_load","native":false},{"column":19,"file":"node:internal/modules/cjs/loader","function":"Module.require","line":999,"method":"require","native":false}]}
{"date":"Sun Oct 24 2021 12:42:03 GMT+0100 (West Africa Standard Time)","error":{},"exception":true,"level":"error","message":"uncaughtException: ⨯ Unable to compile TypeScript:\n\u001b[96msrc/api/user.ts\u001b[0m:\u001b[93m2\u001b[0m:\u001b[93m26\u001b[0m - \u001b[91merror\u001b[0m\u001b[90m TS2307: \u001b[0mCannot find module '../utils/AsyncHandler' or its corresponding type declarations.\n\n\u001b[7m2\u001b[0m import AsyncHandler from '../utils/AsyncHandler';\n\u001b[7m \u001b[0m \u001b[91m                         ~~~~~~~~~~~~~~~~~~~~~~~\u001b[0m\n\nError: ⨯ Unable to compile TypeScript:\n\u001b[96msrc/api/user.ts\u001b[0m:\u001b[93m2\u001b[0m:\u001b[93m26\u001b[0m - \u001b[91merror\u001b[0m\u001b[90m TS2307: \u001b[0mCannot find module '../utils/AsyncHandler' or its corresponding type declarations.\n\n\u001b[7m2\u001b[0m import AsyncHandler from '../utils/AsyncHandler';\n\u001b[7m \u001b[0m \u001b[91m                         ~~~~~~~~~~~~~~~~~~~~~~~\u001b[0m\n\n    at Object.<anonymous> (/Users/couragekolawoleosemwengie/Desktop/projects/borg-test/src/api/user.ts:1:7)\n    at Module._compile (node:internal/modules/cjs/loader:1095:14)\n    at Module._compile (/Users/couragekolawoleosemwengie/Desktop/projects/borg-test/node_modules/source-map-support/source-map-support.js:568:25)\n    at Module.m._compile (/private/var/folders/39/37c1w8f96rj3mfpvdnnr9kb80000gn/T/ts-node-dev-hook-672529812589306.js:69:33)\n    at Module._extensions..js (node:internal/modules/cjs/loader:1147:10)\n    at require.extensions.<computed> (/private/var/folders/39/37c1w8f96rj3mfpvdnnr9kb80000gn/T/ts-node-dev-hook-672529812589306.js:71:20)\n    at Object.nodeDevHook [as .ts] (/Users/couragekolawoleosemwengie/Desktop/projects/borg-test/node_modules/ts-node-dev/lib/hook.js:63:13)\n    at Module.load (node:internal/modules/cjs/loader:975:32)\n    at Function.Module._load (node:internal/modules/cjs/loader:822:12)\n    at Module.require (node:internal/modules/cjs/loader:999:19)","os":{"loadavg":[1.6259765625,2.83544921875,2.830078125],"uptime":20330},"process":{"argv":["/opt/homebrew/Cellar/node/17.0.1/bin/node","./src/server.ts"],"cwd":"/Users/couragekolawoleosemwengie/Desktop/projects/borg-test","execPath":"/opt/homebrew/Cellar/node/17.0.1/bin/node","gid":20,"memoryUsage":{"arrayBuffers":92691,"external":971167,"heapTotal":19251200,"heapUsed":11326864,"rss":49889280},"pid":17153,"uid":501,"version":"v17.0.1"},"stack":"Error: ⨯ Unable to compile TypeScript:\n\u001b[96msrc/api/user.ts\u001b[0m:\u001b[93m2\u001b[0m:\u001b[93m26\u001b[0m - \u001b[91merror\u001b[0m\u001b[90m TS2307: \u001b[0mCannot find module '../utils/AsyncHandler' or its corresponding type declarations.\n\n\u001b[7m2\u001b[0m import AsyncHandler from '../utils/AsyncHandler';\n\u001b[7m \u001b[0m \u001b[91m                         ~~~~~~~~~~~~~~~~~~~~~~~\u001b[0m\n\n    at Object.<anonymous> (/Users/couragekolawoleosemwengie/Desktop/projects/borg-test/src/api/user.ts:1:7)\n    at Module._compile (node:internal/modules/cjs/loader:1095:14)\n    at Module._compile (/Users/couragekolawoleosemwengie/Desktop/projects/borg-test/node_modules/source-map-support/source-map-support.js:568:25)\n    at Module.m._compile (/private/var/folders/39/37c1w8f96rj3mfpvdnnr9kb80000gn/T/ts-node-dev-hook-672529812589306.js:69:33)\n    at Module._extensions..js (node:internal/modules/cjs/loader:1147:10)\n    at require.extensions.<computed> (/private/var/folders/39/37c1w8f96rj3mfpvdnnr9kb80000gn/T/ts-node-dev-hook-672529812589306.js:71:20)\n    at Object.nodeDevHook [as .ts] (/Users/couragekolawoleosemwengie/Desktop/projects/borg-test/node_modules/ts-node-dev/lib/hook.js:63:13)\n    at Module.load (node:internal/modules/cjs/loader:975:32)\n    at Function.Module._load (node:internal/modules/cjs/loader:822:12)\n    at Module.require (node:internal/modules/cjs/loader:999:19)","trace":[{"column":7,"file":"/Users/couragekolawoleosemwengie/Desktop/projects/borg-test/src/api/user.ts","function":null,"line":1,"method":null,"native":false},{"column":14,"file":"node:internal/modules/cjs/loader","function":"Module._compile","line":1095,"method":"_compile","native":false},{"column":25,"file":"/Users/couragekolawoleosemwengie/Desktop/projects/borg-test/node_modules/source-map-support/source-map-support.js","function":"Module._compile","line":568,"method":"_compile","native":false},{"column":33,"file":"/private/var/folders/39/37c1w8f96rj3mfpvdnnr9kb80000gn/T/ts-node-dev-hook-672529812589306.js","function":"Module.m._compile","line":69,"method":"_compile","native":false},{"column":10,"file":"node:internal/modules/cjs/loader","function":"Module._extensions..js","line":1147,"method":".js","native":false},{"column":20,"file":"/private/var/folders/39/37c1w8f96rj3mfpvdnnr9kb80000gn/T/ts-node-dev-hook-672529812589306.js","function":"require.extensions.<computed>","line":71,"method":"<computed>","native":false},{"column":13,"file":"/Users/couragekolawoleosemwengie/Desktop/projects/borg-test/node_modules/ts-node-dev/lib/hook.js","function":"Object.nodeDevHook [as .ts]","line":63,"method":"ts]","native":false},{"column":32,"file":"node:internal/modules/cjs/loader","function":"Module.load","line":975,"method":"load","native":false},{"column":12,"file":"node:internal/modules/cjs/loader","function":"Module._load","line":822,"method":"_load","native":false},{"column":19,"file":"node:internal/modules/cjs/loader","function":"Module.require","line":999,"method":"require","native":false}]}
{"date":"Sun Oct 24 2021 12:42:04 GMT+0100 (West Africa Standard Time)","error":{},"exception":true,"level":"error","message":"uncaughtException: ⨯ Unable to compile TypeScript:\n\u001b[96msrc/api/user.ts\u001b[0m:\u001b[93m2\u001b[0m:\u001b[93m26\u001b[0m - \u001b[91merror\u001b[0m\u001b[90m TS2307: \u001b[0mCannot find module '../utils/AsyncHandler' or its corresponding type declarations.\n\n\u001b[7m2\u001b[0m import AsyncHandler from '../utils/AsyncHandler';\n\u001b[7m \u001b[0m \u001b[91m                         ~~~~~~~~~~~~~~~~~~~~~~~\u001b[0m\n\nError: ⨯ Unable to compile TypeScript:\n\u001b[96msrc/api/user.ts\u001b[0m:\u001b[93m2\u001b[0m:\u001b[93m26\u001b[0m - \u001b[91merror\u001b[0m\u001b[90m TS2307: \u001b[0mCannot find module '../utils/AsyncHandler' or its corresponding type declarations.\n\n\u001b[7m2\u001b[0m import AsyncHandler from '../utils/AsyncHandler';\n\u001b[7m \u001b[0m \u001b[91m                         ~~~~~~~~~~~~~~~~~~~~~~~\u001b[0m\n\n    at Object.<anonymous> (/Users/couragekolawoleosemwengie/Desktop/projects/borg-test/src/api/user.ts:1:7)\n    at Module._compile (node:internal/modules/cjs/loader:1095:14)\n    at Module._compile (/Users/couragekolawoleosemwengie/Desktop/projects/borg-test/node_modules/source-map-support/source-map-support.js:568:25)\n    at Module.m._compile (/private/var/folders/39/37c1w8f96rj3mfpvdnnr9kb80000gn/T/ts-node-dev-hook-672529812589306.js:69:33)\n    at Module._extensions..js (node:internal/modules/cjs/loader:1147:10)\n    at require.extensions.<computed> (/private/var/folders/39/37c1w8f96rj3mfpvdnnr9kb80000gn/T/ts-node-dev-hook-672529812589306.js:71:20)\n    at Object.nodeDevHook [as .ts] (/Users/couragekolawoleosemwengie/Desktop/projects/borg-test/node_modules/ts-node-dev/lib/hook.js:63:13)\n    at Module.load (node:internal/modules/cjs/loader:975:32)\n    at Function.Module._load (node:internal/modules/cjs/loader:822:12)\n    at Module.require (node:internal/modules/cjs/loader:999:19)","os":{"loadavg":[1.6259765625,2.83544921875,2.830078125],"uptime":20331},"process":{"argv":["/opt/homebrew/Cellar/node/17.0.1/bin/node","./src/server.ts"],"cwd":"/Users/couragekolawoleosemwengie/Desktop/projects/borg-test","execPath":"/opt/homebrew/Cellar/node/17.0.1/bin/node","gid":20,"memoryUsage":{"arrayBuffers":92691,"external":971167,"heapTotal":18726912,"heapUsed":11233888,"rss":48726016},"pid":17162,"uid":501,"version":"v17.0.1"},"stack":"Error: ⨯ Unable to compile TypeScript:\n\u001b[96msrc/api/user.ts\u001b[0m:\u001b[93m2\u001b[0m:\u001b[93m26\u001b[0m - \u001b[91merror\u001b[0m\u001b[90m TS2307: \u001b[0mCannot find module '../utils/AsyncHandler' or its corresponding type declarations.\n\n\u001b[7m2\u001b[0m import AsyncHandler from '../utils/AsyncHandler';\n\u001b[7m \u001b[0m \u001b[91m                         ~~~~~~~~~~~~~~~~~~~~~~~\u001b[0m\n\n    at Object.<anonymous> (/Users/couragekolawoleosemwengie/Desktop/projects/borg-test/src/api/user.ts:1:7)\n    at Module._compile (node:internal/modules/cjs/loader:1095:14)\n    at Module._compile (/Users/couragekolawoleosemwengie/Desktop/projects/borg-test/node_modules/source-map-support/source-map-support.js:568:25)\n    at Module.m._compile (/private/var/folders/39/37c1w8f96rj3mfpvdnnr9kb80000gn/T/ts-node-dev-hook-672529812589306.js:69:33)\n    at Module._extensions..js (node:internal/modules/cjs/loader:1147:10)\n    at require.extensions.<computed> (/private/var/folders/39/37c1w8f96rj3mfpvdnnr9kb80000gn/T/ts-node-dev-hook-672529812589306.js:71:20)\n    at Object.nodeDevHook [as .ts] (/Users/couragekolawoleosemwengie/Desktop/projects/borg-test/node_modules/ts-node-dev/lib/hook.js:63:13)\n    at Module.load (node:internal/modules/cjs/loader:975:32)\n    at Function.Module._load (node:internal/modules/cjs/loader:822:12)\n    at Module.require (node:internal/modules/cjs/loader:999:19)","trace":[{"column":7,"file":"/Users/couragekolawoleosemwengie/Desktop/projects/borg-test/src/api/user.ts","function":null,"line":1,"method":null,"native":false},{"column":14,"file":"node:internal/modules/cjs/loader","function":"Module._compile","line":1095,"method":"_compile","native":false},{"column":25,"file":"/Users/couragekolawoleosemwengie/Desktop/projects/borg-test/node_modules/source-map-support/source-map-support.js","function":"Module._compile","line":568,"method":"_compile","native":false},{"column":33,"file":"/private/var/folders/39/37c1w8f96rj3mfpvdnnr9kb80000gn/T/ts-node-dev-hook-672529812589306.js","function":"Module.m._compile","line":69,"method":"_compile","native":false},{"column":10,"file":"node:internal/modules/cjs/loader","function":"Module._extensions..js","line":1147,"method":".js","native":false},{"column":20,"file":"/private/var/folders/39/37c1w8f96rj3mfpvdnnr9kb80000gn/T/ts-node-dev-hook-672529812589306.js","function":"require.extensions.<computed>","line":71,"method":"<computed>","native":false},{"column":13,"file":"/Users/couragekolawoleosemwengie/Desktop/projects/borg-test/node_modules/ts-node-dev/lib/hook.js","function":"Object.nodeDevHook [as .ts]","line":63,"method":"ts]","native":false},{"column":32,"file":"node:internal/modules/cjs/loader","function":"Module.load","line":975,"method":"load","native":false},{"column":12,"file":"node:internal/modules/cjs/loader","function":"Module._load","line":822,"method":"_load","native":false},{"column":19,"file":"node:internal/modules/cjs/loader","function":"Module.require","line":999,"method":"require","native":false}]}
{"date":"Sun Oct 24 2021 12:42:04 GMT+0100 (West Africa Standard Time)","error":{},"exception":true,"level":"error","message":"uncaughtException: ⨯ Unable to compile TypeScript:\n\u001b[96msrc/api/user.ts\u001b[0m:\u001b[93m2\u001b[0m:\u001b[93m26\u001b[0m - \u001b[91merror\u001b[0m\u001b[90m TS2307: \u001b[0mCannot find module '../utils/AsyncHandler' or its corresponding type declarations.\n\n\u001b[7m2\u001b[0m import AsyncHandler from '../utils/AsyncHandler';\n\u001b[7m \u001b[0m \u001b[91m                         ~~~~~~~~~~~~~~~~~~~~~~~\u001b[0m\n\nError: ⨯ Unable to compile TypeScript:\n\u001b[96msrc/api/user.ts\u001b[0m:\u001b[93m2\u001b[0m:\u001b[93m26\u001b[0m - \u001b[91merror\u001b[0m\u001b[90m TS2307: \u001b[0mCannot find module '../utils/AsyncHandler' or its corresponding type declarations.\n\n\u001b[7m2\u001b[0m import AsyncHandler from '../utils/AsyncHandler';\n\u001b[7m \u001b[0m \u001b[91m                         ~~~~~~~~~~~~~~~~~~~~~~~\u001b[0m\n\n    at Object.<anonymous> (/Users/couragekolawoleosemwengie/Desktop/projects/borg-test/src/api/user.ts:1:7)\n    at Module._compile (node:internal/modules/cjs/loader:1095:14)\n    at Module._compile (/Users/couragekolawoleosemwengie/Desktop/projects/borg-test/node_modules/source-map-support/source-map-support.js:568:25)\n    at Module.m._compile (/private/var/folders/39/37c1w8f96rj3mfpvdnnr9kb80000gn/T/ts-node-dev-hook-672529812589306.js:69:33)\n    at Module._extensions..js (node:internal/modules/cjs/loader:1147:10)\n    at require.extensions.<computed> (/private/var/folders/39/37c1w8f96rj3mfpvdnnr9kb80000gn/T/ts-node-dev-hook-672529812589306.js:71:20)\n    at Object.nodeDevHook [as .ts] (/Users/couragekolawoleosemwengie/Desktop/projects/borg-test/node_modules/ts-node-dev/lib/hook.js:63:13)\n    at Module.load (node:internal/modules/cjs/loader:975:32)\n    at Function.Module._load (node:internal/modules/cjs/loader:822:12)\n    at Module.require (node:internal/modules/cjs/loader:999:19)","os":{"loadavg":[1.6259765625,2.83544921875,2.830078125],"uptime":20331},"process":{"argv":["/opt/homebrew/Cellar/node/17.0.1/bin/node","./src/server.ts"],"cwd":"/Users/couragekolawoleosemwengie/Desktop/projects/borg-test","execPath":"/opt/homebrew/Cellar/node/17.0.1/bin/node","gid":20,"memoryUsage":{"arrayBuffers":92691,"external":971167,"heapTotal":18989056,"heapUsed":11404616,"rss":48611328},"pid":17163,"uid":501,"version":"v17.0.1"},"stack":"Error: ⨯ Unable to compile TypeScript:\n\u001b[96msrc/api/user.ts\u001b[0m:\u001b[93m2\u001b[0m:\u001b[93m26\u001b[0m - \u001b[91merror\u001b[0m\u001b[90m TS2307: \u001b[0mCannot find module '../utils/AsyncHandler' or its corresponding type declarations.\n\n\u001b[7m2\u001b[0m import AsyncHandler from '../utils/AsyncHandler';\n\u001b[7m \u001b[0m \u001b[91m                         ~~~~~~~~~~~~~~~~~~~~~~~\u001b[0m\n\n    at Object.<anonymous> (/Users/couragekolawoleosemwengie/Desktop/projects/borg-test/src/api/user.ts:1:7)\n    at Module._compile (node:internal/modules/cjs/loader:1095:14)\n    at Module._compile (/Users/couragekolawoleosemwengie/Desktop/projects/borg-test/node_modules/source-map-support/source-map-support.js:568:25)\n    at Module.m._compile (/private/var/folders/39/37c1w8f96rj3mfpvdnnr9kb80000gn/T/ts-node-dev-hook-672529812589306.js:69:33)\n    at Module._extensions..js (node:internal/modules/cjs/loader:1147:10)\n    at require.extensions.<computed> (/private/var/folders/39/37c1w8f96rj3mfpvdnnr9kb80000gn/T/ts-node-dev-hook-672529812589306.js:71:20)\n    at Object.nodeDevHook [as .ts] (/Users/couragekolawoleosemwengie/Desktop/projects/borg-test/node_modules/ts-node-dev/lib/hook.js:63:13)\n    at Module.load (node:internal/modules/cjs/loader:975:32)\n    at Function.Module._load (node:internal/modules/cjs/loader:822:12)\n    at Module.require (node:internal/modules/cjs/loader:999:19)","trace":[{"column":7,"file":"/Users/couragekolawoleosemwengie/Desktop/projects/borg-test/src/api/user.ts","function":null,"line":1,"method":null,"native":false},{"column":14,"file":"node:internal/modules/cjs/loader","function":"Module._compile","line":1095,"method":"_compile","native":false},{"column":25,"file":"/Users/couragekolawoleosemwengie/Desktop/projects/borg-test/node_modules/source-map-support/source-map-support.js","function":"Module._compile","line":568,"method":"_compile","native":false},{"column":33,"file":"/private/var/folders/39/37c1w8f96rj3mfpvdnnr9kb80000gn/T/ts-node-dev-hook-672529812589306.js","function":"Module.m._compile","line":69,"method":"_compile","native":false},{"column":10,"file":"node:internal/modules/cjs/loader","function":"Module._extensions..js","line":1147,"method":".js","native":false},{"column":20,"file":"/private/var/folders/39/37c1w8f96rj3mfpvdnnr9kb80000gn/T/ts-node-dev-hook-672529812589306.js","function":"require.extensions.<computed>","line":71,"method":"<computed>","native":false},{"column":13,"file":"/Users/couragekolawoleosemwengie/Desktop/projects/borg-test/node_modules/ts-node-dev/lib/hook.js","function":"Object.nodeDevHook [as .ts]","line":63,"method":"ts]","native":false},{"column":32,"file":"node:internal/modules/cjs/loader","function":"Module.load","line":975,"method":"load","native":false},{"column":12,"file":"node:internal/modules/cjs/loader","function":"Module._load","line":822,"method":"_load","native":false},{"column":19,"file":"node:internal/modules/cjs/loader","function":"Module.require","line":999,"method":"require","native":false}]}
{"date":"Sun Oct 24 2021 12:42:05 GMT+0100 (West Africa Standard Time)","error":{},"exception":true,"level":"error","message":"uncaughtException: ⨯ Unable to compile TypeScript:\n\u001b[96msrc/api/user.ts\u001b[0m:\u001b[93m2\u001b[0m:\u001b[93m26\u001b[0m - \u001b[91merror\u001b[0m\u001b[90m TS2307: \u001b[0mCannot find module '../utils/AsyncHandler' or its corresponding type declarations.\n\n\u001b[7m2\u001b[0m import AsyncHandler from '../utils/AsyncHandler';\n\u001b[7m \u001b[0m \u001b[91m                         ~~~~~~~~~~~~~~~~~~~~~~~\u001b[0m\n\nError: ⨯ Unable to compile TypeScript:\n\u001b[96msrc/api/user.ts\u001b[0m:\u001b[93m2\u001b[0m:\u001b[93m26\u001b[0m - \u001b[91merror\u001b[0m\u001b[90m TS2307: \u001b[0mCannot find module '../utils/AsyncHandler' or its corresponding type declarations.\n\n\u001b[7m2\u001b[0m import AsyncHandler from '../utils/AsyncHandler';\n\u001b[7m \u001b[0m \u001b[91m                         ~~~~~~~~~~~~~~~~~~~~~~~\u001b[0m\n\n    at Object.<anonymous> (/Users/couragekolawoleosemwengie/Desktop/projects/borg-test/src/api/user.ts:1:7)\n    at Module._compile (node:internal/modules/cjs/loader:1095:14)\n    at Module._compile (/Users/couragekolawoleosemwengie/Desktop/projects/borg-test/node_modules/source-map-support/source-map-support.js:568:25)\n    at Module.m._compile (/private/var/folders/39/37c1w8f96rj3mfpvdnnr9kb80000gn/T/ts-node-dev-hook-672529812589306.js:69:33)\n    at Module._extensions..js (node:internal/modules/cjs/loader:1147:10)\n    at require.extensions.<computed> (/private/var/folders/39/37c1w8f96rj3mfpvdnnr9kb80000gn/T/ts-node-dev-hook-672529812589306.js:71:20)\n    at Object.nodeDevHook [as .ts] (/Users/couragekolawoleosemwengie/Desktop/projects/borg-test/node_modules/ts-node-dev/lib/hook.js:63:13)\n    at Module.load (node:internal/modules/cjs/loader:975:32)\n    at Function.Module._load (node:internal/modules/cjs/loader:822:12)\n    at Module.require (node:internal/modules/cjs/loader:999:19)","os":{"loadavg":[1.6259765625,2.83544921875,2.830078125],"uptime":20332},"process":{"argv":["/opt/homebrew/Cellar/node/17.0.1/bin/node","./src/server.ts"],"cwd":"/Users/couragekolawoleosemwengie/Desktop/projects/borg-test","execPath":"/opt/homebrew/Cellar/node/17.0.1/bin/node","gid":20,"memoryUsage":{"arrayBuffers":92691,"external":971167,"heapTotal":18989056,"heapUsed":11404224,"rss":49463296},"pid":17164,"uid":501,"version":"v17.0.1"},"stack":"Error: ⨯ Unable to compile TypeScript:\n\u001b[96msrc/api/user.ts\u001b[0m:\u001b[93m2\u001b[0m:\u001b[93m26\u001b[0m - \u001b[91merror\u001b[0m\u001b[90m TS2307: \u001b[0mCannot find module '../utils/AsyncHandler' or its corresponding type declarations.\n\n\u001b[7m2\u001b[0m import AsyncHandler from '../utils/AsyncHandler';\n\u001b[7m \u001b[0m \u001b[91m                         ~~~~~~~~~~~~~~~~~~~~~~~\u001b[0m\n\n    at Object.<anonymous> (/Users/couragekolawoleosemwengie/Desktop/projects/borg-test/src/api/user.ts:1:7)\n    at Module._compile (node:internal/modules/cjs/loader:1095:14)\n    at Module._compile (/Users/couragekolawoleosemwengie/Desktop/projects/borg-test/node_modules/source-map-support/source-map-support.js:568:25)\n    at Module.m._compile (/private/var/folders/39/37c1w8f96rj3mfpvdnnr9kb80000gn/T/ts-node-dev-hook-672529812589306.js:69:33)\n    at Module._extensions..js (node:internal/modules/cjs/loader:1147:10)\n    at require.extensions.<computed> (/private/var/folders/39/37c1w8f96rj3mfpvdnnr9kb80000gn/T/ts-node-dev-hook-672529812589306.js:71:20)\n    at Object.nodeDevHook [as .ts] (/Users/couragekolawoleosemwengie/Desktop/projects/borg-test/node_modules/ts-node-dev/lib/hook.js:63:13)\n    at Module.load (node:internal/modules/cjs/loader:975:32)\n    at Function.Module._load (node:internal/modules/cjs/loader:822:12)\n    at Module.require (node:internal/modules/cjs/loader:999:19)","trace":[{"column":7,"file":"/Users/couragekolawoleosemwengie/Desktop/projects/borg-test/src/api/user.ts","function":null,"line":1,"method":null,"native":false},{"column":14,"file":"node:internal/modules/cjs/loader","function":"Module._compile","line":1095,"method":"_compile","native":false},{"column":25,"file":"/Users/couragekolawoleosemwengie/Desktop/projects/borg-test/node_modules/source-map-support/source-map-support.js","function":"Module._compile","line":568,"method":"_compile","native":false},{"column":33,"file":"/private/var/folders/39/37c1w8f96rj3mfpvdnnr9kb80000gn/T/ts-node-dev-hook-672529812589306.js","function":"Module.m._compile","line":69,"method":"_compile","native":false},{"column":10,"file":"node:internal/modules/cjs/loader","function":"Module._extensions..js","line":1147,"method":".js","native":false},{"column":20,"file":"/private/var/folders/39/37c1w8f96rj3mfpvdnnr9kb80000gn/T/ts-node-dev-hook-672529812589306.js","function":"require.extensions.<computed>","line":71,"method":"<computed>","native":false},{"column":13,"file":"/Users/couragekolawoleosemwengie/Desktop/projects/borg-test/node_modules/ts-node-dev/lib/hook.js","function":"Object.nodeDevHook [as .ts]","line":63,"method":"ts]","native":false},{"column":32,"file":"node:internal/modules/cjs/loader","function":"Module.load","line":975,"method":"load","native":false},{"column":12,"file":"node:internal/modules/cjs/loader","function":"Module._load","line":822,"method":"_load","native":false},{"column":19,"file":"node:internal/modules/cjs/loader","function":"Module.require","line":999,"method":"require","native":false}]}
{"date":"Sun Oct 24 2021 12:42:05 GMT+0100 (West Africa Standard Time)","error":{},"exception":true,"level":"error","message":"uncaughtException: ⨯ Unable to compile TypeScript:\n\u001b[96msrc/api/user.ts\u001b[0m:\u001b[93m2\u001b[0m:\u001b[93m26\u001b[0m - \u001b[91merror\u001b[0m\u001b[90m TS2307: \u001b[0mCannot find module '../utils/AsyncHandler' or its corresponding type declarations.\n\n\u001b[7m2\u001b[0m import AsyncHandler from '../utils/AsyncHandler';\n\u001b[7m \u001b[0m \u001b[91m                         ~~~~~~~~~~~~~~~~~~~~~~~\u001b[0m\n\nError: ⨯ Unable to compile TypeScript:\n\u001b[96msrc/api/user.ts\u001b[0m:\u001b[93m2\u001b[0m:\u001b[93m26\u001b[0m - \u001b[91merror\u001b[0m\u001b[90m TS2307: \u001b[0mCannot find module '../utils/AsyncHandler' or its corresponding type declarations.\n\n\u001b[7m2\u001b[0m import AsyncHandler from '../utils/AsyncHandler';\n\u001b[7m \u001b[0m \u001b[91m                         ~~~~~~~~~~~~~~~~~~~~~~~\u001b[0m\n\n    at Object.<anonymous> (/Users/couragekolawoleosemwengie/Desktop/projects/borg-test/src/api/user.ts:1:7)\n    at Module._compile (node:internal/modules/cjs/loader:1095:14)\n    at Module._compile (/Users/couragekolawoleosemwengie/Desktop/projects/borg-test/node_modules/source-map-support/source-map-support.js:568:25)\n    at Module.m._compile (/private/var/folders/39/37c1w8f96rj3mfpvdnnr9kb80000gn/T/ts-node-dev-hook-672529812589306.js:69:33)\n    at Module._extensions..js (node:internal/modules/cjs/loader:1147:10)\n    at require.extensions.<computed> (/private/var/folders/39/37c1w8f96rj3mfpvdnnr9kb80000gn/T/ts-node-dev-hook-672529812589306.js:71:20)\n    at Object.nodeDevHook [as .ts] (/Users/couragekolawoleosemwengie/Desktop/projects/borg-test/node_modules/ts-node-dev/lib/hook.js:63:13)\n    at Module.load (node:internal/modules/cjs/loader:975:32)\n    at Function.Module._load (node:internal/modules/cjs/loader:822:12)\n    at Module.require (node:internal/modules/cjs/loader:999:19)","os":{"loadavg":[1.6259765625,2.83544921875,2.830078125],"uptime":20332},"process":{"argv":["/opt/homebrew/Cellar/node/17.0.1/bin/node","./src/server.ts"],"cwd":"/Users/couragekolawoleosemwengie/Desktop/projects/borg-test","execPath":"/opt/homebrew/Cellar/node/17.0.1/bin/node","gid":20,"memoryUsage":{"arrayBuffers":92691,"external":971167,"heapTotal":18989056,"heapUsed":11276880,"rss":48889856},"pid":17165,"uid":501,"version":"v17.0.1"},"stack":"Error: ⨯ Unable to compile TypeScript:\n\u001b[96msrc/api/user.ts\u001b[0m:\u001b[93m2\u001b[0m:\u001b[93m26\u001b[0m - \u001b[91merror\u001b[0m\u001b[90m TS2307: \u001b[0mCannot find module '../utils/AsyncHandler' or its corresponding type declarations.\n\n\u001b[7m2\u001b[0m import AsyncHandler from '../utils/AsyncHandler';\n\u001b[7m \u001b[0m \u001b[91m                         ~~~~~~~~~~~~~~~~~~~~~~~\u001b[0m\n\n    at Object.<anonymous> (/Users/couragekolawoleosemwengie/Desktop/projects/borg-test/src/api/user.ts:1:7)\n    at Module._compile (node:internal/modules/cjs/loader:1095:14)\n    at Module._compile (/Users/couragekolawoleosemwengie/Desktop/projects/borg-test/node_modules/source-map-support/source-map-support.js:568:25)\n    at Module.m._compile (/private/var/folders/39/37c1w8f96rj3mfpvdnnr9kb80000gn/T/ts-node-dev-hook-672529812589306.js:69:33)\n    at Module._extensions..js (node:internal/modules/cjs/loader:1147:10)\n    at require.extensions.<computed> (/private/var/folders/39/37c1w8f96rj3mfpvdnnr9kb80000gn/T/ts-node-dev-hook-672529812589306.js:71:20)\n    at Object.nodeDevHook [as .ts] (/Users/couragekolawoleosemwengie/Desktop/projects/borg-test/node_modules/ts-node-dev/lib/hook.js:63:13)\n    at Module.load (node:internal/modules/cjs/loader:975:32)\n    at Function.Module._load (node:internal/modules/cjs/loader:822:12)\n    at Module.require (node:internal/modules/cjs/loader:999:19)","trace":[{"column":7,"file":"/Users/couragekolawoleosemwengie/Desktop/projects/borg-test/src/api/user.ts","function":null,"line":1,"method":null,"native":false},{"column":14,"file":"node:internal/modules/cjs/loader","function":"Module._compile","line":1095,"method":"_compile","native":false},{"column":25,"file":"/Users/couragekolawoleosemwengie/Desktop/projects/borg-test/node_modules/source-map-support/source-map-support.js","function":"Module._compile","line":568,"method":"_compile","native":false},{"column":33,"file":"/private/var/folders/39/37c1w8f96rj3mfpvdnnr9kb80000gn/T/ts-node-dev-hook-672529812589306.js","function":"Module.m._compile","line":69,"method":"_compile","native":false},{"column":10,"file":"node:internal/modules/cjs/loader","function":"Module._extensions..js","line":1147,"method":".js","native":false},{"column":20,"file":"/private/var/folders/39/37c1w8f96rj3mfpvdnnr9kb80000gn/T/ts-node-dev-hook-672529812589306.js","function":"require.extensions.<computed>","line":71,"method":"<computed>","native":false},{"column":13,"file":"/Users/couragekolawoleosemwengie/Desktop/projects/borg-test/node_modules/ts-node-dev/lib/hook.js","function":"Object.nodeDevHook [as .ts]","line":63,"method":"ts]","native":false},{"column":32,"file":"node:internal/modules/cjs/loader","function":"Module.load","line":975,"method":"load","native":false},{"column":12,"file":"node:internal/modules/cjs/loader","function":"Module._load","line":822,"method":"_load","native":false},{"column":19,"file":"node:internal/modules/cjs/loader","function":"Module.require","line":999,"method":"require","native":false}]}
{"date":"Sun Oct 24 2021 12:42:13 GMT+0100 (West Africa Standard Time)","error":{},"exception":true,"level":"error","message":"uncaughtException: Router.use() requires a middleware function but got a Object\nTypeError: Router.use() requires a middleware function but got a Object\n    at Function.use (/Users/couragekolawoleosemwengie/Desktop/projects/borg-test/node_modules/express/lib/router/index.js:458:13)\n    at Object.<anonymous> (/Users/couragekolawoleosemwengie/Desktop/projects/borg-test/src/api/index.ts:8:8)\n    at Module._compile (node:internal/modules/cjs/loader:1095:14)\n    at Module._compile (/Users/couragekolawoleosemwengie/Desktop/projects/borg-test/node_modules/source-map-support/source-map-support.js:568:25)\n    at Module.m._compile (/private/var/folders/39/37c1w8f96rj3mfpvdnnr9kb80000gn/T/ts-node-dev-hook-17437421718151125.js:69:33)\n    at Module._extensions..js (node:internal/modules/cjs/loader:1147:10)\n    at require.extensions.<computed> (/private/var/folders/39/37c1w8f96rj3mfpvdnnr9kb80000gn/T/ts-node-dev-hook-17437421718151125.js:71:20)\n    at Object.nodeDevHook [as .ts] (/Users/couragekolawoleosemwengie/Desktop/projects/borg-test/node_modules/ts-node-dev/lib/hook.js:63:13)\n    at Module.load (node:internal/modules/cjs/loader:975:32)\n    at Function.Module._load (node:internal/modules/cjs/loader:822:12)","os":{"loadavg":[2.009765625,2.8740234375,2.84375],"uptime":20340},"process":{"argv":["/opt/homebrew/Cellar/node/17.0.1/bin/node","./src/server.ts"],"cwd":"/Users/couragekolawoleosemwengie/Desktop/projects/borg-test","execPath":"/opt/homebrew/Cellar/node/17.0.1/bin/node","gid":20,"memoryUsage":{"arrayBuffers":70285,"external":948761,"heapTotal":20037632,"heapUsed":10899104,"rss":53379072},"pid":17189,"uid":501,"version":"v17.0.1"},"stack":"TypeError: Router.use() requires a middleware function but got a Object\n    at Function.use (/Users/couragekolawoleosemwengie/Desktop/projects/borg-test/node_modules/express/lib/router/index.js:458:13)\n    at Object.<anonymous> (/Users/couragekolawoleosemwengie/Desktop/projects/borg-test/src/api/index.ts:8:8)\n    at Module._compile (node:internal/modules/cjs/loader:1095:14)\n    at Module._compile (/Users/couragekolawoleosemwengie/Desktop/projects/borg-test/node_modules/source-map-support/source-map-support.js:568:25)\n    at Module.m._compile (/private/var/folders/39/37c1w8f96rj3mfpvdnnr9kb80000gn/T/ts-node-dev-hook-17437421718151125.js:69:33)\n    at Module._extensions..js (node:internal/modules/cjs/loader:1147:10)\n    at require.extensions.<computed> (/private/var/folders/39/37c1w8f96rj3mfpvdnnr9kb80000gn/T/ts-node-dev-hook-17437421718151125.js:71:20)\n    at Object.nodeDevHook [as .ts] (/Users/couragekolawoleosemwengie/Desktop/projects/borg-test/node_modules/ts-node-dev/lib/hook.js:63:13)\n    at Module.load (node:internal/modules/cjs/loader:975:32)\n    at Function.Module._load (node:internal/modules/cjs/loader:822:12)","trace":[{"column":13,"file":"/Users/couragekolawoleosemwengie/Desktop/projects/borg-test/node_modules/express/lib/router/index.js","function":"Function.use","line":458,"method":"use","native":false},{"column":8,"file":"/Users/couragekolawoleosemwengie/Desktop/projects/borg-test/src/api/index.ts","function":null,"line":8,"method":null,"native":false},{"column":14,"file":"node:internal/modules/cjs/loader","function":"Module._compile","line":1095,"method":"_compile","native":false},{"column":25,"file":"/Users/couragekolawoleosemwengie/Desktop/projects/borg-test/node_modules/source-map-support/source-map-support.js","function":"Module._compile","line":568,"method":"_compile","native":false},{"column":33,"file":"/private/var/folders/39/37c1w8f96rj3mfpvdnnr9kb80000gn/T/ts-node-dev-hook-17437421718151125.js","function":"Module.m._compile","line":69,"method":"_compile","native":false},{"column":10,"file":"node:internal/modules/cjs/loader","function":"Module._extensions..js","line":1147,"method":".js","native":false},{"column":20,"file":"/private/var/folders/39/37c1w8f96rj3mfpvdnnr9kb80000gn/T/ts-node-dev-hook-17437421718151125.js","function":"require.extensions.<computed>","line":71,"method":"<computed>","native":false},{"column":13,"file":"/Users/couragekolawoleosemwengie/Desktop/projects/borg-test/node_modules/ts-node-dev/lib/hook.js","function":"Object.nodeDevHook [as .ts]","line":63,"method":"ts]","native":false},{"column":32,"file":"node:internal/modules/cjs/loader","function":"Module.load","line":975,"method":"load","native":false},{"column":12,"file":"node:internal/modules/cjs/loader","function":"Module._load","line":822,"method":"_load","native":false}]}
